23/02/05 09:43:08 WARN NativeCodeLoader: Unable to load native-hadoop library for your platform... using builtin-java classes where applicable
23/02/05 09:43:08 INFO SecurityManager: Changing view acls to: jose
23/02/05 09:43:08 INFO SecurityManager: Changing modify acls to: jose
23/02/05 09:43:08 INFO SecurityManager: Changing view acls groups to: 
23/02/05 09:43:08 INFO SecurityManager: Changing modify acls groups to: 
23/02/05 09:43:08 INFO SecurityManager: SecurityManager: authentication disabled; ui acls disabled; users  with view permissions: Set(jose); groups with view permissions: Set(); users  with modify permissions: Set(jose); groups with modify permissions: Set()
23/02/05 09:43:08 INFO HiveConf: Found configuration file file:/home/jose/spark/spark-3.0.0-bin-hadoop2.7/conf/hive-site.xml
23/02/05 09:43:08 INFO SparkContext: Running Spark version 3.0.0
23/02/05 09:43:09 INFO ResourceUtils: ==============================================================
23/02/05 09:43:09 INFO ResourceUtils: Resources for spark.driver:

23/02/05 09:43:09 INFO ResourceUtils: ==============================================================
23/02/05 09:43:09 INFO SparkContext: Submitted application: sparklyr
23/02/05 09:43:09 INFO SecurityManager: Changing view acls to: jose
23/02/05 09:43:09 INFO SecurityManager: Changing modify acls to: jose
23/02/05 09:43:09 INFO SecurityManager: Changing view acls groups to: 
23/02/05 09:43:09 INFO SecurityManager: Changing modify acls groups to: 
23/02/05 09:43:09 INFO SecurityManager: SecurityManager: authentication disabled; ui acls disabled; users  with view permissions: Set(jose); groups with view permissions: Set(); users  with modify permissions: Set(jose); groups with modify permissions: Set()
23/02/05 09:43:09 INFO Utils: Successfully started service 'sparkDriver' on port 41531.
23/02/05 09:43:09 INFO SparkEnv: Registering MapOutputTracker
23/02/05 09:43:09 INFO SparkEnv: Registering BlockManagerMaster
23/02/05 09:43:09 INFO BlockManagerMasterEndpoint: Using org.apache.spark.storage.DefaultTopologyMapper for getting topology information
23/02/05 09:43:09 INFO BlockManagerMasterEndpoint: BlockManagerMasterEndpoint up
23/02/05 09:43:09 INFO SparkEnv: Registering BlockManagerMasterHeartbeat
23/02/05 09:43:09 INFO DiskBlockManager: Created local directory at /tmp/blockmgr-39eb544b-b855-4627-82fa-adc98d451bc2
23/02/05 09:43:09 INFO MemoryStore: MemoryStore started with capacity 912.3 MiB
23/02/05 09:43:09 INFO SparkEnv: Registering OutputCommitCoordinator
23/02/05 09:43:09 INFO Utils: Successfully started service 'SparkUI' on port 4040.
23/02/05 09:43:09 INFO SparkUI: Bound SparkUI to 127.0.0.1, and started at http://localhost:4040
23/02/05 09:43:09 INFO SparkContext: Added JAR file:/media/hd1/canadasreche@gmail.com/blog_quarto/renv/library/R-4.2/x86_64-pc-linux-gnu/sparklyr/java/sparklyr-master-2.12.jar at spark://localhost:41531/jars/sparklyr-master-2.12.jar with timestamp 1675586589617
23/02/05 09:43:09 INFO Executor: Starting executor ID driver on host localhost
23/02/05 09:43:09 INFO Utils: Successfully started service 'org.apache.spark.network.netty.NettyBlockTransferService' on port 40613.
23/02/05 09:43:09 INFO NettyBlockTransferService: Server created on localhost:40613
23/02/05 09:43:09 INFO BlockManager: Using org.apache.spark.storage.RandomBlockReplicationPolicy for block replication policy
23/02/05 09:43:09 INFO BlockManagerMaster: Registering BlockManager BlockManagerId(driver, localhost, 40613, None)
23/02/05 09:43:09 INFO BlockManagerMasterEndpoint: Registering block manager localhost:40613 with 912.3 MiB RAM, BlockManagerId(driver, localhost, 40613, None)
23/02/05 09:43:09 INFO BlockManagerMaster: Registered BlockManager BlockManagerId(driver, localhost, 40613, None)
23/02/05 09:43:09 INFO BlockManager: Initialized BlockManager: BlockManagerId(driver, localhost, 40613, None)
23/02/05 09:43:10 INFO SharedState: loading hive config file: file:/home/jose/spark/spark-3.0.0-bin-hadoop2.7/conf/hive-site.xml
23/02/05 09:43:10 INFO SharedState: Setting hive.metastore.warehouse.dir ('null') to the value of spark.sql.warehouse.dir ('file:/media/hd1/canadasreche@gmail.com/blog_quarto/2021/05/21/big-data-pobres-ii-auc/spark-warehouse').
23/02/05 09:43:10 INFO SharedState: Warehouse path is 'file:/media/hd1/canadasreche@gmail.com/blog_quarto/2021/05/21/big-data-pobres-ii-auc/spark-warehouse'.
23/02/05 09:43:11 INFO InMemoryFileIndex: It took 19 ms to list leaf files for 1 paths.
23/02/05 09:43:11 INFO SparkContext: Starting job: parquet at NativeMethodAccessorImpl.java:0
23/02/05 09:43:11 INFO DAGScheduler: Got job 0 (parquet at NativeMethodAccessorImpl.java:0) with 1 output partitions
23/02/05 09:43:11 INFO DAGScheduler: Final stage: ResultStage 0 (parquet at NativeMethodAccessorImpl.java:0)
23/02/05 09:43:11 INFO DAGScheduler: Parents of final stage: List()
23/02/05 09:43:11 INFO DAGScheduler: Missing parents: List()
23/02/05 09:43:11 INFO DAGScheduler: Submitting ResultStage 0 (MapPartitionsRDD[1] at parquet at NativeMethodAccessorImpl.java:0), which has no missing parents
23/02/05 09:43:12 INFO MemoryStore: Block broadcast_0 stored as values in memory (estimated size 73.9 KiB, free 912.2 MiB)
23/02/05 09:43:12 INFO MemoryStore: Block broadcast_0_piece0 stored as bytes in memory (estimated size 26.6 KiB, free 912.2 MiB)
23/02/05 09:43:12 INFO BlockManagerInfo: Added broadcast_0_piece0 in memory on localhost:40613 (size: 26.6 KiB, free: 912.3 MiB)
23/02/05 09:43:12 INFO SparkContext: Created broadcast 0 from broadcast at DAGScheduler.scala:1200
23/02/05 09:43:12 INFO DAGScheduler: Submitting 1 missing tasks from ResultStage 0 (MapPartitionsRDD[1] at parquet at NativeMethodAccessorImpl.java:0) (first 15 tasks are for partitions Vector(0))
23/02/05 09:43:12 INFO TaskSchedulerImpl: Adding task set 0.0 with 1 tasks
23/02/05 09:43:12 INFO TaskSetManager: Starting task 0.0 in stage 0.0 (TID 0, localhost, executor driver, partition 0, PROCESS_LOCAL, 7589 bytes)
23/02/05 09:43:12 INFO Executor: Running task 0.0 in stage 0.0 (TID 0)
23/02/05 09:43:12 INFO Executor: Fetching spark://localhost:41531/jars/sparklyr-master-2.12.jar with timestamp 1675586589617
23/02/05 09:43:12 INFO TransportClientFactory: Successfully created connection to localhost/127.0.0.1:41531 after 17 ms (0 ms spent in bootstraps)
23/02/05 09:43:12 INFO Utils: Fetching spark://localhost:41531/jars/sparklyr-master-2.12.jar to /tmp/spark-10575409-da67-4fff-97aa-45155dc7c893/userFiles-fef2b0f0-d6c7-4a0e-a968-0754e7030fbc/fetchFileTemp6846899735500734339.tmp
23/02/05 09:43:12 INFO Executor: Adding file:/tmp/spark-10575409-da67-4fff-97aa-45155dc7c893/userFiles-fef2b0f0-d6c7-4a0e-a968-0754e7030fbc/sparklyr-master-2.12.jar to class loader
23/02/05 09:43:12 INFO Executor: Finished task 0.0 in stage 0.0 (TID 0). 1818 bytes result sent to driver
23/02/05 09:43:12 INFO TaskSetManager: Finished task 0.0 in stage 0.0 (TID 0) in 491 ms on localhost (executor driver) (1/1)
23/02/05 09:43:12 INFO TaskSchedulerImpl: Removed TaskSet 0.0, whose tasks have all completed, from pool 
23/02/05 09:43:12 INFO DAGScheduler: ResultStage 0 (parquet at NativeMethodAccessorImpl.java:0) finished in 0,669 s
23/02/05 09:43:12 INFO DAGScheduler: Job 0 is finished. Cancelling potential speculative or zombie tasks for this job
23/02/05 09:43:12 INFO TaskSchedulerImpl: Killing all running tasks in stage 0: Stage finished
23/02/05 09:43:12 INFO DAGScheduler: Job 0 finished: parquet at NativeMethodAccessorImpl.java:0, took 0,740250 s
23/02/05 09:43:13 INFO BlockManagerInfo: Removed broadcast_0_piece0 on localhost:40613 in memory (size: 26.6 KiB, free: 912.3 MiB)
23/02/05 09:43:13 INFO HiveUtils: Initializing HiveMetastoreConnection version 2.3.7 using Spark classes.
23/02/05 09:43:13 INFO HiveConf: Found configuration file file:/home/jose/spark/spark-3.0.0-bin-hadoop2.7/conf/hive-site.xml
23/02/05 09:43:13 INFO SessionState: Created HDFS directory: /tmp/hive/jose
23/02/05 09:43:13 INFO SessionState: Created local directory: /tmp/jose
23/02/05 09:43:13 INFO SessionState: Created HDFS directory: /tmp/hive/jose/884fbb25-8fa2-4a1f-bbb7-0a17486ac7c9
23/02/05 09:43:13 INFO SessionState: Created local directory: /tmp/jose/884fbb25-8fa2-4a1f-bbb7-0a17486ac7c9
23/02/05 09:43:13 INFO SessionState: Created HDFS directory: /tmp/hive/jose/884fbb25-8fa2-4a1f-bbb7-0a17486ac7c9/_tmp_space.db
23/02/05 09:43:13 INFO HiveClientImpl: Warehouse location for Hive client (version 2.3.7) is file:/media/hd1/canadasreche@gmail.com/blog_quarto/2021/05/21/big-data-pobres-ii-auc/spark-warehouse
23/02/05 09:43:14 WARN HiveConf: HiveConf of name hive.stats.jdbc.timeout does not exist
23/02/05 09:43:14 WARN HiveConf: HiveConf of name hive.stats.retries.wait does not exist
23/02/05 09:43:14 INFO HiveMetaStore: 0: Opening raw store with implementation class:org.apache.hadoop.hive.metastore.ObjectStore
23/02/05 09:43:14 INFO ObjectStore: ObjectStore, initialize called
23/02/05 09:43:14 INFO Persistence: Propiedad hive.metastore.integral.jdo.pushdown desconocida - vamos a ignorarla
23/02/05 09:43:14 INFO Persistence: Propiedad datanucleus.cache.level2 desconocida - vamos a ignorarla
23/02/05 09:43:15 INFO ObjectStore: Setting MetaStore object pin classes with hive.metastore.cache.pinobjtypes="Table,StorageDescriptor,SerDeInfo,Partition,Database,Type,FieldSchema,Order"
23/02/05 09:43:16 INFO MetaStoreDirectSql: Using direct SQL, underlying DB is DERBY
23/02/05 09:43:16 INFO ObjectStore: Initialized ObjectStore
23/02/05 09:43:16 WARN ObjectStore: Version information not found in metastore. hive.metastore.schema.verification is not enabled so recording the schema version 2.3.0
23/02/05 09:43:16 WARN ObjectStore: setMetaStoreSchemaVersion called but recording version is disabled: version = 2.3.0, comment = Set by MetaStore jose@127.0.1.1
23/02/05 09:43:16 WARN ObjectStore: Failed to get database default, returning NoSuchObjectException
23/02/05 09:43:16 INFO HiveMetaStore: Added admin role in metastore
23/02/05 09:43:16 INFO HiveMetaStore: Added public role in metastore
23/02/05 09:43:16 INFO HiveMetaStore: No user is added in admin role, since config is empty
23/02/05 09:43:16 INFO HiveMetaStore: 0: get_all_functions
23/02/05 09:43:16 INFO audit: ugi=jose	ip=unknown-ip-addr	cmd=get_all_functions	
23/02/05 09:43:16 INFO HiveMetaStore: 0: get_database: default
23/02/05 09:43:16 INFO audit: ugi=jose	ip=unknown-ip-addr	cmd=get_database: default	
23/02/05 09:43:16 INFO HiveMetaStore: 0: get_database: global_temp
23/02/05 09:43:16 INFO audit: ugi=jose	ip=unknown-ip-addr	cmd=get_database: global_temp	
23/02/05 09:43:16 WARN ObjectStore: Failed to get database global_temp, returning NoSuchObjectException
23/02/05 09:43:16 INFO HiveMetaStore: 0: get_database: default
23/02/05 09:43:16 INFO audit: ugi=jose	ip=unknown-ip-addr	cmd=get_database: default	
23/02/05 09:43:16 INFO HiveMetaStore: 0: get_database: default
23/02/05 09:43:16 INFO audit: ugi=jose	ip=unknown-ip-addr	cmd=get_database: default	
23/02/05 09:43:16 INFO HiveMetaStore: 0: get_tables: db=default pat=*
23/02/05 09:43:16 INFO audit: ugi=jose	ip=unknown-ip-addr	cmd=get_tables: db=default pat=*	
23/02/05 09:43:17 INFO FileSourceStrategy: Pruning directories with: 
23/02/05 09:43:17 INFO FileSourceStrategy: Pushed Filters: 
23/02/05 09:43:17 INFO FileSourceStrategy: Post-Scan Filters: 
23/02/05 09:43:17 INFO FileSourceStrategy: Output Data Schema: struct<valor_cliente: double, edad: double, segmento: string, tipo: string ... 2 more fields>
23/02/05 09:43:17 INFO CodeGenerator: Code generated in 135.168478 ms
23/02/05 09:43:17 INFO CodeGenerator: Code generated in 11.43849 ms
23/02/05 09:43:17 INFO CodeGenerator: Code generated in 19.816033 ms
23/02/05 09:43:17 INFO MemoryStore: Block broadcast_1 stored as values in memory (estimated size 297.6 KiB, free 912.0 MiB)
23/02/05 09:43:17 INFO MemoryStore: Block broadcast_1_piece0 stored as bytes in memory (estimated size 25.0 KiB, free 912.0 MiB)
23/02/05 09:43:17 INFO BlockManagerInfo: Added broadcast_1_piece0 in memory on localhost:40613 (size: 25.0 KiB, free: 912.3 MiB)
23/02/05 09:43:17 INFO SparkContext: Created broadcast 1 from sql at NativeMethodAccessorImpl.java:0
23/02/05 09:43:17 INFO FileSourceScanExec: Planning scan with bin packing, max size: 4194304 bytes, open cost is considered as scanning 4194304 bytes.
23/02/05 09:43:17 INFO SparkContext: Starting job: sql at NativeMethodAccessorImpl.java:0
23/02/05 09:43:17 INFO DAGScheduler: Registering RDD 9 (sql at NativeMethodAccessorImpl.java:0) as input to shuffle 0
23/02/05 09:43:17 INFO DAGScheduler: Got job 1 (sql at NativeMethodAccessorImpl.java:0) with 1 output partitions
23/02/05 09:43:17 INFO DAGScheduler: Final stage: ResultStage 2 (sql at NativeMethodAccessorImpl.java:0)
23/02/05 09:43:17 INFO DAGScheduler: Parents of final stage: List(ShuffleMapStage 1)
23/02/05 09:43:17 INFO DAGScheduler: Missing parents: List(ShuffleMapStage 1)
23/02/05 09:43:17 INFO DAGScheduler: Submitting ShuffleMapStage 1 (MapPartitionsRDD[9] at sql at NativeMethodAccessorImpl.java:0), which has no missing parents
23/02/05 09:43:17 INFO MemoryStore: Block broadcast_2 stored as values in memory (estimated size 25.1 KiB, free 912.0 MiB)
23/02/05 09:43:17 INFO MemoryStore: Block broadcast_2_piece0 stored as bytes in memory (estimated size 10.2 KiB, free 912.0 MiB)
23/02/05 09:43:17 INFO BlockManagerInfo: Added broadcast_2_piece0 in memory on localhost:40613 (size: 10.2 KiB, free: 912.3 MiB)
23/02/05 09:43:17 INFO SparkContext: Created broadcast 2 from broadcast at DAGScheduler.scala:1200
23/02/05 09:43:17 INFO DAGScheduler: Submitting 1 missing tasks from ShuffleMapStage 1 (MapPartitionsRDD[9] at sql at NativeMethodAccessorImpl.java:0) (first 15 tasks are for partitions Vector(0))
23/02/05 09:43:17 INFO TaskSchedulerImpl: Adding task set 1.0 with 1 tasks
23/02/05 09:43:17 INFO TaskSetManager: Starting task 0.0 in stage 1.0 (TID 1, localhost, executor driver, partition 0, PROCESS_LOCAL, 7829 bytes)
23/02/05 09:43:17 INFO Executor: Running task 0.0 in stage 1.0 (TID 1)
23/02/05 09:43:17 INFO FileScanRDD: Reading File path: file:///media/hd1/canadasreche@gmail.com/blog_quarto/data/bd_pobres.parquet/part-00000-4c5cfad0-0a7e-4840-ab1c-4fa29cf9003e-c000.snappy.parquet, range: 0-86040, partition values: [empty row]
23/02/05 09:43:17 INFO CodecPool: Got brand-new decompressor [.snappy]
23/02/05 09:43:19 INFO MemoryStore: Block rdd_5_0 stored as values in memory (estimated size 37.4 MiB, free 874.6 MiB)
23/02/05 09:43:19 INFO BlockManagerInfo: Added rdd_5_0 in memory on localhost:40613 (size: 37.4 MiB, free: 874.9 MiB)
23/02/05 09:43:19 INFO CodeGenerator: Code generated in 6.164034 ms
23/02/05 09:43:19 INFO CodeGenerator: Code generated in 18.399881 ms
23/02/05 09:43:19 INFO Executor: Finished task 0.0 in stage 1.0 (TID 1). 2386 bytes result sent to driver
23/02/05 09:43:19 INFO TaskSetManager: Finished task 0.0 in stage 1.0 (TID 1) in 1805 ms on localhost (executor driver) (1/1)
23/02/05 09:43:19 INFO TaskSchedulerImpl: Removed TaskSet 1.0, whose tasks have all completed, from pool 
23/02/05 09:43:19 INFO DAGScheduler: ShuffleMapStage 1 (sql at NativeMethodAccessorImpl.java:0) finished in 1,841 s
23/02/05 09:43:19 INFO DAGScheduler: looking for newly runnable stages
23/02/05 09:43:19 INFO DAGScheduler: running: Set()
23/02/05 09:43:19 INFO DAGScheduler: waiting: Set(ResultStage 2)
23/02/05 09:43:19 INFO DAGScheduler: failed: Set()
23/02/05 09:43:19 INFO DAGScheduler: Submitting ResultStage 2 (MapPartitionsRDD[12] at sql at NativeMethodAccessorImpl.java:0), which has no missing parents
23/02/05 09:43:19 INFO MemoryStore: Block broadcast_3 stored as values in memory (estimated size 10.1 KiB, free 874.6 MiB)
23/02/05 09:43:19 INFO MemoryStore: Block broadcast_3_piece0 stored as bytes in memory (estimated size 5.0 KiB, free 874.6 MiB)
23/02/05 09:43:19 INFO BlockManagerInfo: Added broadcast_3_piece0 in memory on localhost:40613 (size: 5.0 KiB, free: 874.9 MiB)
23/02/05 09:43:19 INFO SparkContext: Created broadcast 3 from broadcast at DAGScheduler.scala:1200
23/02/05 09:43:19 INFO DAGScheduler: Submitting 1 missing tasks from ResultStage 2 (MapPartitionsRDD[12] at sql at NativeMethodAccessorImpl.java:0) (first 15 tasks are for partitions Vector(0))
23/02/05 09:43:19 INFO TaskSchedulerImpl: Adding task set 2.0 with 1 tasks
23/02/05 09:43:19 INFO TaskSetManager: Starting task 0.0 in stage 2.0 (TID 2, localhost, executor driver, partition 0, NODE_LOCAL, 7325 bytes)
23/02/05 09:43:19 INFO Executor: Running task 0.0 in stage 2.0 (TID 2)
23/02/05 09:43:19 INFO ShuffleBlockFetcherIterator: Getting 1 (60.0 B) non-empty blocks including 1 (60.0 B) local and 0 (0.0 B) host-local and 0 (0.0 B) remote blocks
23/02/05 09:43:19 INFO ShuffleBlockFetcherIterator: Started 0 remote fetches in 6 ms
23/02/05 09:43:19 INFO Executor: Finished task 0.0 in stage 2.0 (TID 2). 2648 bytes result sent to driver
23/02/05 09:43:19 INFO TaskSetManager: Finished task 0.0 in stage 2.0 (TID 2) in 43 ms on localhost (executor driver) (1/1)
23/02/05 09:43:19 INFO TaskSchedulerImpl: Removed TaskSet 2.0, whose tasks have all completed, from pool 
23/02/05 09:43:19 INFO DAGScheduler: ResultStage 2 (sql at NativeMethodAccessorImpl.java:0) finished in 0,051 s
23/02/05 09:43:19 INFO DAGScheduler: Job 1 is finished. Cancelling potential speculative or zombie tasks for this job
23/02/05 09:43:19 INFO TaskSchedulerImpl: Killing all running tasks in stage 2: Stage finished
23/02/05 09:43:19 INFO DAGScheduler: Job 1 finished: sql at NativeMethodAccessorImpl.java:0, took 1,913856 s
23/02/05 09:43:19 INFO SparkContext: Starting job: collect at utils.scala:26
23/02/05 09:43:19 INFO DAGScheduler: Registering RDD 16 (collect at utils.scala:26) as input to shuffle 1
23/02/05 09:43:19 INFO DAGScheduler: Got job 2 (collect at utils.scala:26) with 1 output partitions
23/02/05 09:43:19 INFO DAGScheduler: Final stage: ResultStage 4 (collect at utils.scala:26)
23/02/05 09:43:19 INFO DAGScheduler: Parents of final stage: List(ShuffleMapStage 3)
23/02/05 09:43:19 INFO DAGScheduler: Missing parents: List(ShuffleMapStage 3)
23/02/05 09:43:19 INFO DAGScheduler: Submitting ShuffleMapStage 3 (MapPartitionsRDD[16] at collect at utils.scala:26), which has no missing parents
23/02/05 09:43:19 INFO MemoryStore: Block broadcast_4 stored as values in memory (estimated size 25.1 KiB, free 874.5 MiB)
23/02/05 09:43:19 INFO MemoryStore: Block broadcast_4_piece0 stored as bytes in memory (estimated size 10.3 KiB, free 874.5 MiB)
23/02/05 09:43:19 INFO BlockManagerInfo: Added broadcast_4_piece0 in memory on localhost:40613 (size: 10.3 KiB, free: 874.9 MiB)
23/02/05 09:43:19 INFO SparkContext: Created broadcast 4 from broadcast at DAGScheduler.scala:1200
23/02/05 09:43:19 INFO DAGScheduler: Submitting 1 missing tasks from ShuffleMapStage 3 (MapPartitionsRDD[16] at collect at utils.scala:26) (first 15 tasks are for partitions Vector(0))
23/02/05 09:43:19 INFO TaskSchedulerImpl: Adding task set 3.0 with 1 tasks
23/02/05 09:43:19 INFO TaskSetManager: Starting task 0.0 in stage 3.0 (TID 3, localhost, executor driver, partition 0, PROCESS_LOCAL, 7829 bytes)
23/02/05 09:43:19 INFO Executor: Running task 0.0 in stage 3.0 (TID 3)
23/02/05 09:43:19 INFO BlockManager: Found block rdd_5_0 locally
23/02/05 09:43:19 INFO Executor: Finished task 0.0 in stage 3.0 (TID 3). 2343 bytes result sent to driver
23/02/05 09:43:19 INFO TaskSetManager: Finished task 0.0 in stage 3.0 (TID 3) in 24 ms on localhost (executor driver) (1/1)
23/02/05 09:43:19 INFO TaskSchedulerImpl: Removed TaskSet 3.0, whose tasks have all completed, from pool 
23/02/05 09:43:19 INFO DAGScheduler: ShuffleMapStage 3 (collect at utils.scala:26) finished in 0,032 s
23/02/05 09:43:19 INFO DAGScheduler: looking for newly runnable stages
23/02/05 09:43:19 INFO DAGScheduler: running: Set()
23/02/05 09:43:19 INFO DAGScheduler: waiting: Set(ResultStage 4)
23/02/05 09:43:19 INFO DAGScheduler: failed: Set()
23/02/05 09:43:19 INFO DAGScheduler: Submitting ResultStage 4 (MapPartitionsRDD[19] at collect at utils.scala:26), which has no missing parents
23/02/05 09:43:19 INFO MemoryStore: Block broadcast_5 stored as values in memory (estimated size 10.1 KiB, free 874.5 MiB)
23/02/05 09:43:19 INFO MemoryStore: Block broadcast_5_piece0 stored as bytes in memory (estimated size 5.0 KiB, free 874.5 MiB)
23/02/05 09:43:19 INFO BlockManagerInfo: Added broadcast_5_piece0 in memory on localhost:40613 (size: 5.0 KiB, free: 874.9 MiB)
23/02/05 09:43:19 INFO SparkContext: Created broadcast 5 from broadcast at DAGScheduler.scala:1200
23/02/05 09:43:19 INFO DAGScheduler: Submitting 1 missing tasks from ResultStage 4 (MapPartitionsRDD[19] at collect at utils.scala:26) (first 15 tasks are for partitions Vector(0))
23/02/05 09:43:19 INFO TaskSchedulerImpl: Adding task set 4.0 with 1 tasks
23/02/05 09:43:19 INFO TaskSetManager: Starting task 0.0 in stage 4.0 (TID 4, localhost, executor driver, partition 0, NODE_LOCAL, 7325 bytes)
23/02/05 09:43:19 INFO Executor: Running task 0.0 in stage 4.0 (TID 4)
23/02/05 09:43:19 INFO ShuffleBlockFetcherIterator: Getting 1 (60.0 B) non-empty blocks including 1 (60.0 B) local and 0 (0.0 B) host-local and 0 (0.0 B) remote blocks
23/02/05 09:43:19 INFO ShuffleBlockFetcherIterator: Started 0 remote fetches in 0 ms
23/02/05 09:43:19 INFO Executor: Finished task 0.0 in stage 4.0 (TID 4). 2648 bytes result sent to driver
23/02/05 09:43:19 INFO TaskSetManager: Finished task 0.0 in stage 4.0 (TID 4) in 5 ms on localhost (executor driver) (1/1)
23/02/05 09:43:19 INFO TaskSchedulerImpl: Removed TaskSet 4.0, whose tasks have all completed, from pool 
23/02/05 09:43:19 INFO DAGScheduler: ResultStage 4 (collect at utils.scala:26) finished in 0,010 s
23/02/05 09:43:19 INFO DAGScheduler: Job 2 is finished. Cancelling potential speculative or zombie tasks for this job
23/02/05 09:43:19 INFO TaskSchedulerImpl: Killing all running tasks in stage 4: Stage finished
23/02/05 09:43:19 INFO DAGScheduler: Job 2 finished: collect at utils.scala:26, took 0,047998 s
23/02/05 09:43:19 INFO CodeGenerator: Code generated in 7.336001 ms
23/02/05 09:43:19 INFO CodeGenerator: Code generated in 7.011821 ms
23/02/05 09:43:19 INFO SparkContext: Starting job: collect at utils.scala:26
23/02/05 09:43:19 INFO DAGScheduler: Got job 3 (collect at utils.scala:26) with 1 output partitions
23/02/05 09:43:19 INFO DAGScheduler: Final stage: ResultStage 5 (collect at utils.scala:26)
23/02/05 09:43:19 INFO DAGScheduler: Parents of final stage: List()
23/02/05 09:43:19 INFO DAGScheduler: Missing parents: List()
23/02/05 09:43:19 INFO DAGScheduler: Submitting ResultStage 5 (MapPartitionsRDD[22] at collect at utils.scala:26), which has no missing parents
23/02/05 09:43:19 INFO MemoryStore: Block broadcast_6 stored as values in memory (estimated size 6.4 KiB, free 874.5 MiB)
23/02/05 09:43:20 INFO MemoryStore: Block broadcast_6_piece0 stored as bytes in memory (estimated size 3.2 KiB, free 874.5 MiB)
23/02/05 09:43:20 INFO BlockManagerInfo: Added broadcast_6_piece0 in memory on localhost:40613 (size: 3.2 KiB, free: 874.9 MiB)
23/02/05 09:43:20 INFO SparkContext: Created broadcast 6 from broadcast at DAGScheduler.scala:1200
23/02/05 09:43:20 INFO DAGScheduler: Submitting 1 missing tasks from ResultStage 5 (MapPartitionsRDD[22] at collect at utils.scala:26) (first 15 tasks are for partitions Vector(0))
23/02/05 09:43:20 INFO TaskSchedulerImpl: Adding task set 5.0 with 1 tasks
23/02/05 09:43:20 INFO TaskSetManager: Starting task 0.0 in stage 5.0 (TID 5, localhost, executor driver, partition 0, PROCESS_LOCAL, 7561 bytes)
23/02/05 09:43:20 INFO Executor: Running task 0.0 in stage 5.0 (TID 5)
23/02/05 09:43:20 INFO Executor: Finished task 0.0 in stage 5.0 (TID 5). 1397 bytes result sent to driver
23/02/05 09:43:20 INFO TaskSetManager: Finished task 0.0 in stage 5.0 (TID 5) in 6 ms on localhost (executor driver) (1/1)
23/02/05 09:43:20 INFO TaskSchedulerImpl: Removed TaskSet 5.0, whose tasks have all completed, from pool 
23/02/05 09:43:20 INFO DAGScheduler: ResultStage 5 (collect at utils.scala:26) finished in 0,011 s
23/02/05 09:43:20 INFO DAGScheduler: Job 3 is finished. Cancelling potential speculative or zombie tasks for this job
23/02/05 09:43:20 INFO TaskSchedulerImpl: Killing all running tasks in stage 5: Stage finished
23/02/05 09:43:20 INFO DAGScheduler: Job 3 finished: collect at utils.scala:26, took 0,014048 s
23/02/05 09:43:20 INFO CodeGenerator: Code generated in 9.508901 ms
23/02/05 09:43:20 INFO SparkContext: Starting job: collect at utils.scala:26
23/02/05 09:43:20 INFO DAGScheduler: Got job 4 (collect at utils.scala:26) with 1 output partitions
23/02/05 09:43:20 INFO DAGScheduler: Final stage: ResultStage 6 (collect at utils.scala:26)
23/02/05 09:43:20 INFO DAGScheduler: Parents of final stage: List()
23/02/05 09:43:20 INFO DAGScheduler: Missing parents: List()
23/02/05 09:43:20 INFO DAGScheduler: Submitting ResultStage 6 (MapPartitionsRDD[25] at collect at utils.scala:26), which has no missing parents
23/02/05 09:43:20 INFO MemoryStore: Block broadcast_7 stored as values in memory (estimated size 20.7 KiB, free 874.5 MiB)
23/02/05 09:43:20 INFO MemoryStore: Block broadcast_7_piece0 stored as bytes in memory (estimated size 8.7 KiB, free 874.5 MiB)
23/02/05 09:43:20 INFO BlockManagerInfo: Added broadcast_7_piece0 in memory on localhost:40613 (size: 8.7 KiB, free: 874.9 MiB)
23/02/05 09:43:20 INFO SparkContext: Created broadcast 7 from broadcast at DAGScheduler.scala:1200
23/02/05 09:43:20 INFO DAGScheduler: Submitting 1 missing tasks from ResultStage 6 (MapPartitionsRDD[25] at collect at utils.scala:26) (first 15 tasks are for partitions Vector(0))
23/02/05 09:43:20 INFO TaskSchedulerImpl: Adding task set 6.0 with 1 tasks
23/02/05 09:43:20 INFO TaskSetManager: Starting task 0.0 in stage 6.0 (TID 6, localhost, executor driver, partition 0, PROCESS_LOCAL, 7840 bytes)
23/02/05 09:43:20 INFO Executor: Running task 0.0 in stage 6.0 (TID 6)
23/02/05 09:43:20 INFO BlockManager: Found block rdd_5_0 locally
23/02/05 09:43:20 INFO CodeGenerator: Code generated in 19.647878 ms
23/02/05 09:43:20 INFO Executor: 1 block locks were not released by TID = 6:
[rdd_5_0]
23/02/05 09:43:20 INFO Executor: Finished task 0.0 in stage 6.0 (TID 6). 1853 bytes result sent to driver
23/02/05 09:43:20 INFO TaskSetManager: Finished task 0.0 in stage 6.0 (TID 6) in 52 ms on localhost (executor driver) (1/1)
23/02/05 09:43:20 INFO TaskSchedulerImpl: Removed TaskSet 6.0, whose tasks have all completed, from pool 
23/02/05 09:43:20 INFO DAGScheduler: ResultStage 6 (collect at utils.scala:26) finished in 0,062 s
23/02/05 09:43:20 INFO DAGScheduler: Job 4 is finished. Cancelling potential speculative or zombie tasks for this job
23/02/05 09:43:20 INFO TaskSchedulerImpl: Killing all running tasks in stage 6: Stage finished
23/02/05 09:43:20 INFO DAGScheduler: Job 4 finished: collect at utils.scala:26, took 0,064608 s
23/02/05 09:43:20 INFO CodeGenerator: Code generated in 13.074014 ms
23/02/05 09:43:20 INFO CodeGenerator: Code generated in 12.431368 ms
23/02/05 09:43:20 INFO SparkContext: Starting job: collect at utils.scala:26
23/02/05 09:43:20 INFO DAGScheduler: Got job 5 (collect at utils.scala:26) with 1 output partitions
23/02/05 09:43:20 INFO DAGScheduler: Final stage: ResultStage 7 (collect at utils.scala:26)
23/02/05 09:43:20 INFO DAGScheduler: Parents of final stage: List()
23/02/05 09:43:20 INFO DAGScheduler: Missing parents: List()
23/02/05 09:43:20 INFO DAGScheduler: Submitting ResultStage 7 (MapPartitionsRDD[29] at collect at utils.scala:26), which has no missing parents
23/02/05 09:43:20 INFO MemoryStore: Block broadcast_8 stored as values in memory (estimated size 26.6 KiB, free 874.4 MiB)
23/02/05 09:43:20 INFO MemoryStore: Block broadcast_8_piece0 stored as bytes in memory (estimated size 10.2 KiB, free 874.4 MiB)
23/02/05 09:43:20 INFO BlockManagerInfo: Added broadcast_8_piece0 in memory on localhost:40613 (size: 10.2 KiB, free: 874.8 MiB)
23/02/05 09:43:20 INFO SparkContext: Created broadcast 8 from broadcast at DAGScheduler.scala:1200
23/02/05 09:43:20 INFO DAGScheduler: Submitting 1 missing tasks from ResultStage 7 (MapPartitionsRDD[29] at collect at utils.scala:26) (first 15 tasks are for partitions Vector(0))
23/02/05 09:43:20 INFO TaskSchedulerImpl: Adding task set 7.0 with 1 tasks
23/02/05 09:43:20 INFO TaskSetManager: Starting task 0.0 in stage 7.0 (TID 7, localhost, executor driver, partition 0, PROCESS_LOCAL, 7840 bytes)
23/02/05 09:43:20 INFO Executor: Running task 0.0 in stage 7.0 (TID 7)
23/02/05 09:43:20 INFO BlockManager: Found block rdd_5_0 locally
23/02/05 09:43:20 INFO CodeGenerator: Code generated in 16.832354 ms
23/02/05 09:43:20 INFO Executor: 1 block locks were not released by TID = 7:
[rdd_5_0]
23/02/05 09:43:20 INFO Executor: Finished task 0.0 in stage 7.0 (TID 7). 1929 bytes result sent to driver
23/02/05 09:43:20 INFO TaskSetManager: Finished task 0.0 in stage 7.0 (TID 7) in 29 ms on localhost (executor driver) (1/1)
23/02/05 09:43:20 INFO TaskSchedulerImpl: Removed TaskSet 7.0, whose tasks have all completed, from pool 
23/02/05 09:43:20 INFO DAGScheduler: ResultStage 7 (collect at utils.scala:26) finished in 0,053 s
23/02/05 09:43:20 INFO DAGScheduler: Job 5 is finished. Cancelling potential speculative or zombie tasks for this job
23/02/05 09:43:20 INFO TaskSchedulerImpl: Killing all running tasks in stage 7: Stage finished
23/02/05 09:43:20 INFO DAGScheduler: Job 5 finished: collect at utils.scala:26, took 0,056929 s
23/02/05 09:43:20 INFO CodeGenerator: Code generated in 9.25008 ms
23/02/05 09:43:20 INFO BlockManagerInfo: Removed broadcast_7_piece0 on localhost:40613 in memory (size: 8.7 KiB, free: 874.9 MiB)
23/02/05 09:43:20 INFO BlockManagerInfo: Removed broadcast_3_piece0 on localhost:40613 in memory (size: 5.0 KiB, free: 874.9 MiB)
23/02/05 09:43:20 INFO BlockManagerInfo: Removed broadcast_4_piece0 on localhost:40613 in memory (size: 10.3 KiB, free: 874.9 MiB)
23/02/05 09:43:21 INFO BlockManagerInfo: Removed broadcast_5_piece0 on localhost:40613 in memory (size: 5.0 KiB, free: 874.9 MiB)
23/02/05 09:43:21 INFO BlockManagerInfo: Removed broadcast_6_piece0 on localhost:40613 in memory (size: 3.2 KiB, free: 874.9 MiB)
23/02/05 09:43:21 INFO BlockManagerInfo: Removed broadcast_2_piece0 on localhost:40613 in memory (size: 10.2 KiB, free: 874.9 MiB)
23/02/05 09:43:21 INFO BlockManagerInfo: Removed broadcast_8_piece0 on localhost:40613 in memory (size: 10.2 KiB, free: 874.9 MiB)
23/02/05 09:43:21 INFO CodeGenerator: Code generated in 5.891786 ms
23/02/05 09:43:21 INFO SparkContext: Starting job: collect at utils.scala:26
23/02/05 09:43:21 INFO DAGScheduler: Got job 6 (collect at utils.scala:26) with 1 output partitions
23/02/05 09:43:21 INFO DAGScheduler: Final stage: ResultStage 8 (collect at utils.scala:26)
23/02/05 09:43:21 INFO DAGScheduler: Parents of final stage: List()
23/02/05 09:43:21 INFO DAGScheduler: Missing parents: List()
23/02/05 09:43:21 INFO DAGScheduler: Submitting ResultStage 8 (MapPartitionsRDD[31] at collect at utils.scala:26), which has no missing parents
23/02/05 09:43:21 INFO MemoryStore: Block broadcast_9 stored as values in memory (estimated size 6.5 KiB, free 874.6 MiB)
23/02/05 09:43:21 INFO MemoryStore: Block broadcast_9_piece0 stored as bytes in memory (estimated size 3.2 KiB, free 874.6 MiB)
23/02/05 09:43:21 INFO BlockManagerInfo: Added broadcast_9_piece0 in memory on localhost:40613 (size: 3.2 KiB, free: 874.9 MiB)
23/02/05 09:43:21 INFO SparkContext: Created broadcast 9 from broadcast at DAGScheduler.scala:1200
23/02/05 09:43:21 INFO DAGScheduler: Submitting 1 missing tasks from ResultStage 8 (MapPartitionsRDD[31] at collect at utils.scala:26) (first 15 tasks are for partitions Vector(0))
23/02/05 09:43:21 INFO TaskSchedulerImpl: Adding task set 8.0 with 1 tasks
23/02/05 09:43:21 INFO TaskSetManager: Starting task 0.0 in stage 8.0 (TID 8, localhost, executor driver, partition 0, PROCESS_LOCAL, 7561 bytes)
23/02/05 09:43:21 INFO Executor: Running task 0.0 in stage 8.0 (TID 8)
23/02/05 09:43:21 INFO Executor: Finished task 0.0 in stage 8.0 (TID 8). 1397 bytes result sent to driver
23/02/05 09:43:21 INFO TaskSetManager: Finished task 0.0 in stage 8.0 (TID 8) in 5 ms on localhost (executor driver) (1/1)
23/02/05 09:43:21 INFO TaskSchedulerImpl: Removed TaskSet 8.0, whose tasks have all completed, from pool 
23/02/05 09:43:21 INFO DAGScheduler: ResultStage 8 (collect at utils.scala:26) finished in 0,010 s
23/02/05 09:43:21 INFO DAGScheduler: Job 6 is finished. Cancelling potential speculative or zombie tasks for this job
23/02/05 09:43:21 INFO TaskSchedulerImpl: Killing all running tasks in stage 8: Stage finished
23/02/05 09:43:21 INFO DAGScheduler: Job 6 finished: collect at utils.scala:26, took 0,013046 s
23/02/05 09:43:21 INFO CodeGenerator: Code generated in 7.242057 ms
23/02/05 09:43:21 INFO SparkContext: Starting job: collect at utils.scala:26
23/02/05 09:43:21 INFO DAGScheduler: Got job 7 (collect at utils.scala:26) with 1 output partitions
23/02/05 09:43:21 INFO DAGScheduler: Final stage: ResultStage 9 (collect at utils.scala:26)
23/02/05 09:43:21 INFO DAGScheduler: Parents of final stage: List()
23/02/05 09:43:21 INFO DAGScheduler: Missing parents: List()
23/02/05 09:43:21 INFO DAGScheduler: Submitting ResultStage 9 (MapPartitionsRDD[33] at collect at utils.scala:26), which has no missing parents
23/02/05 09:43:21 INFO MemoryStore: Block broadcast_10 stored as values in memory (estimated size 6.5 KiB, free 874.6 MiB)
23/02/05 09:43:21 INFO MemoryStore: Block broadcast_10_piece0 stored as bytes in memory (estimated size 3.2 KiB, free 874.6 MiB)
23/02/05 09:43:21 INFO BlockManagerInfo: Added broadcast_10_piece0 in memory on localhost:40613 (size: 3.2 KiB, free: 874.9 MiB)
23/02/05 09:43:21 INFO SparkContext: Created broadcast 10 from broadcast at DAGScheduler.scala:1200
23/02/05 09:43:21 INFO DAGScheduler: Submitting 1 missing tasks from ResultStage 9 (MapPartitionsRDD[33] at collect at utils.scala:26) (first 15 tasks are for partitions Vector(0))
23/02/05 09:43:21 INFO TaskSchedulerImpl: Adding task set 9.0 with 1 tasks
23/02/05 09:43:21 INFO TaskSetManager: Starting task 0.0 in stage 9.0 (TID 9, localhost, executor driver, partition 0, PROCESS_LOCAL, 7561 bytes)
23/02/05 09:43:21 INFO Executor: Running task 0.0 in stage 9.0 (TID 9)
23/02/05 09:43:21 INFO Executor: Finished task 0.0 in stage 9.0 (TID 9). 1354 bytes result sent to driver
23/02/05 09:43:21 INFO TaskSetManager: Finished task 0.0 in stage 9.0 (TID 9) in 3 ms on localhost (executor driver) (1/1)
23/02/05 09:43:21 INFO TaskSchedulerImpl: Removed TaskSet 9.0, whose tasks have all completed, from pool 
23/02/05 09:43:21 INFO DAGScheduler: ResultStage 9 (collect at utils.scala:26) finished in 0,008 s
23/02/05 09:43:21 INFO DAGScheduler: Job 7 is finished. Cancelling potential speculative or zombie tasks for this job
23/02/05 09:43:21 INFO TaskSchedulerImpl: Killing all running tasks in stage 9: Stage finished
23/02/05 09:43:21 INFO DAGScheduler: Job 7 finished: collect at utils.scala:26, took 0,010623 s
23/02/05 09:43:21 INFO CodeGenerator: Code generated in 20.859684 ms
23/02/05 09:43:21 INFO CodeGenerator: Code generated in 41.215203 ms
23/02/05 09:43:21 INFO SparkContext: Starting job: collect at utils.scala:26
23/02/05 09:43:21 INFO DAGScheduler: Registering RDD 37 (collect at utils.scala:26) as input to shuffle 2
23/02/05 09:43:21 INFO DAGScheduler: Got job 8 (collect at utils.scala:26) with 12 output partitions
23/02/05 09:43:21 INFO DAGScheduler: Final stage: ResultStage 11 (collect at utils.scala:26)
23/02/05 09:43:21 INFO DAGScheduler: Parents of final stage: List(ShuffleMapStage 10)
23/02/05 09:43:21 INFO DAGScheduler: Missing parents: List(ShuffleMapStage 10)
23/02/05 09:43:21 INFO DAGScheduler: Submitting ShuffleMapStage 10 (MapPartitionsRDD[37] at collect at utils.scala:26), which has no missing parents
23/02/05 09:43:21 INFO MemoryStore: Block broadcast_11 stored as values in memory (estimated size 49.3 KiB, free 874.5 MiB)
23/02/05 09:43:21 INFO MemoryStore: Block broadcast_11_piece0 stored as bytes in memory (estimated size 20.2 KiB, free 874.5 MiB)
23/02/05 09:43:21 INFO BlockManagerInfo: Added broadcast_11_piece0 in memory on localhost:40613 (size: 20.2 KiB, free: 874.9 MiB)
23/02/05 09:43:21 INFO SparkContext: Created broadcast 11 from broadcast at DAGScheduler.scala:1200
23/02/05 09:43:21 INFO DAGScheduler: Submitting 1 missing tasks from ShuffleMapStage 10 (MapPartitionsRDD[37] at collect at utils.scala:26) (first 15 tasks are for partitions Vector(0))
23/02/05 09:43:21 INFO TaskSchedulerImpl: Adding task set 10.0 with 1 tasks
23/02/05 09:43:21 INFO TaskSetManager: Starting task 0.0 in stage 10.0 (TID 10, localhost, executor driver, partition 0, PROCESS_LOCAL, 7829 bytes)
23/02/05 09:43:21 INFO Executor: Running task 0.0 in stage 10.0 (TID 10)
23/02/05 09:43:21 INFO BlockManager: Found block rdd_5_0 locally
23/02/05 09:43:21 INFO CodeGenerator: Code generated in 10.010371 ms
23/02/05 09:43:21 INFO CodeGenerator: Code generated in 6.560031 ms
23/02/05 09:43:21 INFO CodeGenerator: Code generated in 9.503471 ms
23/02/05 09:43:21 INFO CodeGenerator: Code generated in 4.478971 ms
23/02/05 09:43:21 INFO CodeGenerator: Code generated in 5.082532 ms
23/02/05 09:43:21 INFO CodeGenerator: Code generated in 5.224831 ms
23/02/05 09:43:22 INFO BlockManagerInfo: Removed broadcast_10_piece0 on localhost:40613 in memory (size: 3.2 KiB, free: 874.9 MiB)
23/02/05 09:43:22 INFO BlockManagerInfo: Removed broadcast_9_piece0 on localhost:40613 in memory (size: 3.2 KiB, free: 874.9 MiB)
23/02/05 09:43:23 INFO Executor: Finished task 0.0 in stage 10.0 (TID 10). 2933 bytes result sent to driver
23/02/05 09:43:23 INFO TaskSetManager: Finished task 0.0 in stage 10.0 (TID 10) in 1499 ms on localhost (executor driver) (1/1)
23/02/05 09:43:23 INFO TaskSchedulerImpl: Removed TaskSet 10.0, whose tasks have all completed, from pool 
23/02/05 09:43:23 INFO DAGScheduler: ShuffleMapStage 10 (collect at utils.scala:26) finished in 1,506 s
23/02/05 09:43:23 INFO DAGScheduler: looking for newly runnable stages
23/02/05 09:43:23 INFO DAGScheduler: running: Set()
23/02/05 09:43:23 INFO DAGScheduler: waiting: Set(ResultStage 11)
23/02/05 09:43:23 INFO DAGScheduler: failed: Set()
23/02/05 09:43:23 INFO DAGScheduler: Submitting ResultStage 11 (MapPartitionsRDD[40] at collect at utils.scala:26), which has no missing parents
23/02/05 09:43:23 INFO MemoryStore: Block broadcast_12 stored as values in memory (estimated size 40.2 KiB, free 874.5 MiB)
23/02/05 09:43:23 INFO MemoryStore: Block broadcast_12_piece0 stored as bytes in memory (estimated size 17.3 KiB, free 874.5 MiB)
23/02/05 09:43:23 INFO BlockManagerInfo: Added broadcast_12_piece0 in memory on localhost:40613 (size: 17.3 KiB, free: 874.9 MiB)
23/02/05 09:43:23 INFO SparkContext: Created broadcast 12 from broadcast at DAGScheduler.scala:1200
23/02/05 09:43:23 INFO DAGScheduler: Submitting 12 missing tasks from ResultStage 11 (MapPartitionsRDD[40] at collect at utils.scala:26) (first 15 tasks are for partitions Vector(0, 1, 2, 3, 4, 5, 6, 7, 8, 9, 10, 11))
23/02/05 09:43:23 INFO TaskSchedulerImpl: Adding task set 11.0 with 12 tasks
23/02/05 09:43:23 INFO TaskSetManager: Starting task 0.0 in stage 11.0 (TID 11, localhost, executor driver, partition 0, NODE_LOCAL, 7325 bytes)
23/02/05 09:43:23 INFO TaskSetManager: Starting task 1.0 in stage 11.0 (TID 12, localhost, executor driver, partition 1, NODE_LOCAL, 7325 bytes)
23/02/05 09:43:23 INFO TaskSetManager: Starting task 2.0 in stage 11.0 (TID 13, localhost, executor driver, partition 2, NODE_LOCAL, 7325 bytes)
23/02/05 09:43:23 INFO TaskSetManager: Starting task 3.0 in stage 11.0 (TID 14, localhost, executor driver, partition 3, NODE_LOCAL, 7325 bytes)
23/02/05 09:43:23 INFO TaskSetManager: Starting task 4.0 in stage 11.0 (TID 15, localhost, executor driver, partition 4, NODE_LOCAL, 7325 bytes)
23/02/05 09:43:23 INFO TaskSetManager: Starting task 5.0 in stage 11.0 (TID 16, localhost, executor driver, partition 5, NODE_LOCAL, 7325 bytes)
23/02/05 09:43:23 INFO TaskSetManager: Starting task 6.0 in stage 11.0 (TID 17, localhost, executor driver, partition 6, NODE_LOCAL, 7325 bytes)
23/02/05 09:43:23 INFO TaskSetManager: Starting task 7.0 in stage 11.0 (TID 18, localhost, executor driver, partition 7, NODE_LOCAL, 7325 bytes)
23/02/05 09:43:23 INFO TaskSetManager: Starting task 8.0 in stage 11.0 (TID 19, localhost, executor driver, partition 8, NODE_LOCAL, 7325 bytes)
23/02/05 09:43:23 INFO TaskSetManager: Starting task 9.0 in stage 11.0 (TID 20, localhost, executor driver, partition 9, NODE_LOCAL, 7325 bytes)
23/02/05 09:43:23 INFO TaskSetManager: Starting task 10.0 in stage 11.0 (TID 21, localhost, executor driver, partition 10, NODE_LOCAL, 7325 bytes)
23/02/05 09:43:23 INFO TaskSetManager: Starting task 11.0 in stage 11.0 (TID 22, localhost, executor driver, partition 11, NODE_LOCAL, 7325 bytes)
23/02/05 09:43:23 INFO Executor: Running task 0.0 in stage 11.0 (TID 11)
23/02/05 09:43:23 INFO Executor: Running task 1.0 in stage 11.0 (TID 12)
23/02/05 09:43:23 INFO Executor: Running task 2.0 in stage 11.0 (TID 13)
23/02/05 09:43:23 INFO Executor: Running task 4.0 in stage 11.0 (TID 15)
23/02/05 09:43:23 INFO Executor: Running task 3.0 in stage 11.0 (TID 14)
23/02/05 09:43:23 INFO Executor: Running task 5.0 in stage 11.0 (TID 16)
23/02/05 09:43:23 INFO Executor: Running task 6.0 in stage 11.0 (TID 17)
23/02/05 09:43:23 INFO Executor: Running task 7.0 in stage 11.0 (TID 18)
23/02/05 09:43:23 INFO Executor: Running task 9.0 in stage 11.0 (TID 20)
23/02/05 09:43:23 INFO Executor: Running task 10.0 in stage 11.0 (TID 21)
23/02/05 09:43:23 INFO Executor: Running task 11.0 in stage 11.0 (TID 22)
23/02/05 09:43:23 INFO Executor: Running task 8.0 in stage 11.0 (TID 19)
23/02/05 09:43:23 INFO ShuffleBlockFetcherIterator: Getting 1 (1156.0 B) non-empty blocks including 1 (1156.0 B) local and 0 (0.0 B) host-local and 0 (0.0 B) remote blocks
23/02/05 09:43:23 INFO ShuffleBlockFetcherIterator: Started 0 remote fetches in 1 ms
23/02/05 09:43:23 INFO ShuffleBlockFetcherIterator: Getting 1 (1399.0 B) non-empty blocks including 1 (1399.0 B) local and 0 (0.0 B) host-local and 0 (0.0 B) remote blocks
23/02/05 09:43:23 INFO ShuffleBlockFetcherIterator: Started 0 remote fetches in 1 ms
23/02/05 09:43:23 INFO ShuffleBlockFetcherIterator: Getting 1 (1271.0 B) non-empty blocks including 1 (1271.0 B) local and 0 (0.0 B) host-local and 0 (0.0 B) remote blocks
23/02/05 09:43:23 INFO ShuffleBlockFetcherIterator: Started 0 remote fetches in 1 ms
23/02/05 09:43:23 INFO ShuffleBlockFetcherIterator: Getting 1 (1538.0 B) non-empty blocks including 1 (1538.0 B) local and 0 (0.0 B) host-local and 0 (0.0 B) remote blocks
23/02/05 09:43:23 INFO ShuffleBlockFetcherIterator: Started 0 remote fetches in 0 ms
23/02/05 09:43:23 INFO ShuffleBlockFetcherIterator: Getting 1 (1271.0 B) non-empty blocks including 1 (1271.0 B) local and 0 (0.0 B) host-local and 0 (0.0 B) remote blocks
23/02/05 09:43:23 INFO ShuffleBlockFetcherIterator: Started 0 remote fetches in 0 ms
23/02/05 09:43:23 INFO ShuffleBlockFetcherIterator: Getting 1 (1538.0 B) non-empty blocks including 1 (1538.0 B) local and 0 (0.0 B) host-local and 0 (0.0 B) remote blocks
23/02/05 09:43:23 INFO ShuffleBlockFetcherIterator: Started 0 remote fetches in 0 ms
23/02/05 09:43:23 INFO ShuffleBlockFetcherIterator: Getting 1 (1399.0 B) non-empty blocks including 1 (1399.0 B) local and 0 (0.0 B) host-local and 0 (0.0 B) remote blocks
23/02/05 09:43:23 INFO ShuffleBlockFetcherIterator: Started 0 remote fetches in 0 ms
23/02/05 09:43:23 INFO ShuffleBlockFetcherIterator: Getting 1 (1692.0 B) non-empty blocks including 1 (1692.0 B) local and 0 (0.0 B) host-local and 0 (0.0 B) remote blocks
23/02/05 09:43:23 INFO ShuffleBlockFetcherIterator: Getting 1 (1399.0 B) non-empty blocks including 1 (1399.0 B) local and 0 (0.0 B) host-local and 0 (0.0 B) remote blocks
23/02/05 09:43:23 INFO ShuffleBlockFetcherIterator: Started 0 remote fetches in 3 ms
23/02/05 09:43:23 INFO ShuffleBlockFetcherIterator: Started 0 remote fetches in 0 ms
23/02/05 09:43:23 INFO ShuffleBlockFetcherIterator: Getting 1 (1271.0 B) non-empty blocks including 1 (1271.0 B) local and 0 (0.0 B) host-local and 0 (0.0 B) remote blocks
23/02/05 09:43:23 INFO ShuffleBlockFetcherIterator: Started 0 remote fetches in 0 ms
23/02/05 09:43:23 INFO ShuffleBlockFetcherIterator: Getting 1 (1692.0 B) non-empty blocks including 1 (1692.0 B) local and 0 (0.0 B) host-local and 0 (0.0 B) remote blocks
23/02/05 09:43:23 INFO ShuffleBlockFetcherIterator: Started 0 remote fetches in 0 ms
23/02/05 09:43:23 INFO ShuffleBlockFetcherIterator: Getting 1 (1271.0 B) non-empty blocks including 1 (1271.0 B) local and 0 (0.0 B) host-local and 0 (0.0 B) remote blocks
23/02/05 09:43:23 INFO ShuffleBlockFetcherIterator: Started 0 remote fetches in 0 ms
23/02/05 09:43:23 INFO Executor: Finished task 9.0 in stage 11.0 (TID 20). 5303 bytes result sent to driver
23/02/05 09:43:23 INFO TaskSetManager: Finished task 9.0 in stage 11.0 (TID 20) in 38 ms on localhost (executor driver) (1/12)
23/02/05 09:43:23 INFO Executor: Finished task 11.0 in stage 11.0 (TID 22). 5524 bytes result sent to driver
23/02/05 09:43:23 INFO Executor: Finished task 3.0 in stage 11.0 (TID 14). 5223 bytes result sent to driver
23/02/05 09:43:23 INFO TaskSetManager: Finished task 11.0 in stage 11.0 (TID 22) in 40 ms on localhost (executor driver) (2/12)
23/02/05 09:43:23 INFO TaskSetManager: Finished task 3.0 in stage 11.0 (TID 14) in 42 ms on localhost (executor driver) (3/12)
23/02/05 09:43:23 INFO Executor: Finished task 6.0 in stage 11.0 (TID 17). 5389 bytes result sent to driver
23/02/05 09:43:23 INFO TaskSetManager: Finished task 6.0 in stage 11.0 (TID 17) in 44 ms on localhost (executor driver) (4/12)
23/02/05 09:43:23 INFO Executor: Finished task 8.0 in stage 11.0 (TID 19). 5238 bytes result sent to driver
23/02/05 09:43:23 INFO Executor: Finished task 5.0 in stage 11.0 (TID 16). 5277 bytes result sent to driver
23/02/05 09:43:23 INFO Executor: Finished task 1.0 in stage 11.0 (TID 12). 5303 bytes result sent to driver
23/02/05 09:43:23 INFO Executor: Finished task 4.0 in stage 11.0 (TID 15). 5484 bytes result sent to driver
23/02/05 09:43:23 INFO TaskSetManager: Finished task 8.0 in stage 11.0 (TID 19) in 46 ms on localhost (executor driver) (5/12)
23/02/05 09:43:23 INFO TaskSetManager: Finished task 5.0 in stage 11.0 (TID 16) in 47 ms on localhost (executor driver) (6/12)
23/02/05 09:43:23 INFO Executor: Finished task 0.0 in stage 11.0 (TID 11). 5066 bytes result sent to driver
23/02/05 09:43:23 INFO TaskSetManager: Finished task 1.0 in stage 11.0 (TID 12) in 51 ms on localhost (executor driver) (7/12)
23/02/05 09:43:23 INFO Executor: Finished task 10.0 in stage 11.0 (TID 21). 5211 bytes result sent to driver
23/02/05 09:43:23 INFO TaskSetManager: Finished task 4.0 in stage 11.0 (TID 15) in 50 ms on localhost (executor driver) (8/12)
23/02/05 09:43:23 INFO Executor: Finished task 7.0 in stage 11.0 (TID 18). 5631 bytes result sent to driver
23/02/05 09:43:23 INFO TaskSetManager: Finished task 10.0 in stage 11.0 (TID 21) in 50 ms on localhost (executor driver) (9/12)
23/02/05 09:43:23 INFO TaskSetManager: Finished task 7.0 in stage 11.0 (TID 18) in 52 ms on localhost (executor driver) (10/12)
23/02/05 09:43:23 INFO TaskSetManager: Finished task 0.0 in stage 11.0 (TID 11) in 53 ms on localhost (executor driver) (11/12)
23/02/05 09:43:23 INFO Executor: Finished task 2.0 in stage 11.0 (TID 13). 5231 bytes result sent to driver
23/02/05 09:43:23 INFO TaskSetManager: Finished task 2.0 in stage 11.0 (TID 13) in 55 ms on localhost (executor driver) (12/12)
23/02/05 09:43:23 INFO TaskSchedulerImpl: Removed TaskSet 11.0, whose tasks have all completed, from pool 
23/02/05 09:43:23 INFO DAGScheduler: ResultStage 11 (collect at utils.scala:26) finished in 0,060 s
23/02/05 09:43:23 INFO DAGScheduler: Job 8 is finished. Cancelling potential speculative or zombie tasks for this job
23/02/05 09:43:23 INFO TaskSchedulerImpl: Killing all running tasks in stage 11: Stage finished
23/02/05 09:43:23 INFO DAGScheduler: Job 8 finished: collect at utils.scala:26, took 1,571479 s
23/02/05 09:43:23 INFO CodeGenerator: Code generated in 7.685706 ms
23/02/05 09:43:23 INFO CodeGenerator: Code generated in 36.82849 ms
23/02/05 09:43:23 INFO SparkContext: Starting job: collect at utils.scala:26
23/02/05 09:43:23 INFO DAGScheduler: Registering RDD 44 (collect at utils.scala:26) as input to shuffle 3
23/02/05 09:43:23 INFO DAGScheduler: Got job 9 (collect at utils.scala:26) with 12 output partitions
23/02/05 09:43:23 INFO DAGScheduler: Final stage: ResultStage 13 (collect at utils.scala:26)
23/02/05 09:43:23 INFO DAGScheduler: Parents of final stage: List(ShuffleMapStage 12)
23/02/05 09:43:23 INFO DAGScheduler: Missing parents: List(ShuffleMapStage 12)
23/02/05 09:43:23 INFO DAGScheduler: Submitting ShuffleMapStage 12 (MapPartitionsRDD[44] at collect at utils.scala:26), which has no missing parents
23/02/05 09:43:23 INFO MemoryStore: Block broadcast_13 stored as values in memory (estimated size 49.3 KiB, free 874.4 MiB)
23/02/05 09:43:23 INFO MemoryStore: Block broadcast_13_piece0 stored as bytes in memory (estimated size 20.2 KiB, free 874.4 MiB)
23/02/05 09:43:23 INFO BlockManagerInfo: Added broadcast_13_piece0 in memory on localhost:40613 (size: 20.2 KiB, free: 874.8 MiB)
23/02/05 09:43:23 INFO SparkContext: Created broadcast 13 from broadcast at DAGScheduler.scala:1200
23/02/05 09:43:23 INFO DAGScheduler: Submitting 1 missing tasks from ShuffleMapStage 12 (MapPartitionsRDD[44] at collect at utils.scala:26) (first 15 tasks are for partitions Vector(0))
23/02/05 09:43:23 INFO TaskSchedulerImpl: Adding task set 12.0 with 1 tasks
23/02/05 09:43:23 INFO TaskSetManager: Starting task 0.0 in stage 12.0 (TID 23, localhost, executor driver, partition 0, PROCESS_LOCAL, 7829 bytes)
23/02/05 09:43:23 INFO Executor: Running task 0.0 in stage 12.0 (TID 23)
23/02/05 09:43:23 INFO BlockManager: Found block rdd_5_0 locally
23/02/05 09:43:24 INFO BlockManagerInfo: Removed broadcast_11_piece0 on localhost:40613 in memory (size: 20.2 KiB, free: 874.9 MiB)
23/02/05 09:43:24 INFO BlockManagerInfo: Removed broadcast_12_piece0 on localhost:40613 in memory (size: 17.3 KiB, free: 874.9 MiB)
23/02/05 09:43:24 INFO Executor: Finished task 0.0 in stage 12.0 (TID 23). 2933 bytes result sent to driver
23/02/05 09:43:24 INFO TaskSetManager: Finished task 0.0 in stage 12.0 (TID 23) in 972 ms on localhost (executor driver) (1/1)
23/02/05 09:43:24 INFO TaskSchedulerImpl: Removed TaskSet 12.0, whose tasks have all completed, from pool 
23/02/05 09:43:24 INFO DAGScheduler: ShuffleMapStage 12 (collect at utils.scala:26) finished in 0,977 s
23/02/05 09:43:24 INFO DAGScheduler: looking for newly runnable stages
23/02/05 09:43:24 INFO DAGScheduler: running: Set()
23/02/05 09:43:24 INFO DAGScheduler: waiting: Set(ResultStage 13)
23/02/05 09:43:24 INFO DAGScheduler: failed: Set()
23/02/05 09:43:24 INFO DAGScheduler: Submitting ResultStage 13 (MapPartitionsRDD[47] at collect at utils.scala:26), which has no missing parents
23/02/05 09:43:24 INFO MemoryStore: Block broadcast_14 stored as values in memory (estimated size 40.2 KiB, free 874.5 MiB)
23/02/05 09:43:24 INFO MemoryStore: Block broadcast_14_piece0 stored as bytes in memory (estimated size 17.2 KiB, free 874.5 MiB)
23/02/05 09:43:24 INFO BlockManagerInfo: Added broadcast_14_piece0 in memory on localhost:40613 (size: 17.2 KiB, free: 874.9 MiB)
23/02/05 09:43:24 INFO SparkContext: Created broadcast 14 from broadcast at DAGScheduler.scala:1200
23/02/05 09:43:24 INFO DAGScheduler: Submitting 12 missing tasks from ResultStage 13 (MapPartitionsRDD[47] at collect at utils.scala:26) (first 15 tasks are for partitions Vector(0, 1, 2, 3, 4, 5, 6, 7, 8, 9, 10, 11))
23/02/05 09:43:24 INFO TaskSchedulerImpl: Adding task set 13.0 with 12 tasks
23/02/05 09:43:24 INFO TaskSetManager: Starting task 0.0 in stage 13.0 (TID 24, localhost, executor driver, partition 0, NODE_LOCAL, 7325 bytes)
23/02/05 09:43:24 INFO TaskSetManager: Starting task 1.0 in stage 13.0 (TID 25, localhost, executor driver, partition 1, NODE_LOCAL, 7325 bytes)
23/02/05 09:43:24 INFO TaskSetManager: Starting task 2.0 in stage 13.0 (TID 26, localhost, executor driver, partition 2, NODE_LOCAL, 7325 bytes)
23/02/05 09:43:24 INFO TaskSetManager: Starting task 3.0 in stage 13.0 (TID 27, localhost, executor driver, partition 3, NODE_LOCAL, 7325 bytes)
23/02/05 09:43:24 INFO TaskSetManager: Starting task 4.0 in stage 13.0 (TID 28, localhost, executor driver, partition 4, NODE_LOCAL, 7325 bytes)
23/02/05 09:43:24 INFO TaskSetManager: Starting task 5.0 in stage 13.0 (TID 29, localhost, executor driver, partition 5, NODE_LOCAL, 7325 bytes)
23/02/05 09:43:24 INFO TaskSetManager: Starting task 6.0 in stage 13.0 (TID 30, localhost, executor driver, partition 6, NODE_LOCAL, 7325 bytes)
23/02/05 09:43:24 INFO TaskSetManager: Starting task 7.0 in stage 13.0 (TID 31, localhost, executor driver, partition 7, NODE_LOCAL, 7325 bytes)
23/02/05 09:43:24 INFO TaskSetManager: Starting task 8.0 in stage 13.0 (TID 32, localhost, executor driver, partition 8, NODE_LOCAL, 7325 bytes)
23/02/05 09:43:24 INFO TaskSetManager: Starting task 9.0 in stage 13.0 (TID 33, localhost, executor driver, partition 9, NODE_LOCAL, 7325 bytes)
23/02/05 09:43:24 INFO TaskSetManager: Starting task 10.0 in stage 13.0 (TID 34, localhost, executor driver, partition 10, NODE_LOCAL, 7325 bytes)
23/02/05 09:43:24 INFO TaskSetManager: Starting task 11.0 in stage 13.0 (TID 35, localhost, executor driver, partition 11, NODE_LOCAL, 7325 bytes)
23/02/05 09:43:24 INFO Executor: Running task 0.0 in stage 13.0 (TID 24)
23/02/05 09:43:24 INFO Executor: Running task 3.0 in stage 13.0 (TID 27)
23/02/05 09:43:24 INFO Executor: Running task 2.0 in stage 13.0 (TID 26)
23/02/05 09:43:24 INFO Executor: Running task 11.0 in stage 13.0 (TID 35)
23/02/05 09:43:24 INFO Executor: Running task 4.0 in stage 13.0 (TID 28)
23/02/05 09:43:24 INFO Executor: Running task 7.0 in stage 13.0 (TID 31)
23/02/05 09:43:24 INFO Executor: Running task 9.0 in stage 13.0 (TID 33)
23/02/05 09:43:24 INFO Executor: Running task 10.0 in stage 13.0 (TID 34)
23/02/05 09:43:24 INFO Executor: Running task 5.0 in stage 13.0 (TID 29)
23/02/05 09:43:24 INFO Executor: Running task 6.0 in stage 13.0 (TID 30)
23/02/05 09:43:24 INFO Executor: Running task 1.0 in stage 13.0 (TID 25)
23/02/05 09:43:24 INFO Executor: Running task 8.0 in stage 13.0 (TID 32)
23/02/05 09:43:24 INFO ShuffleBlockFetcherIterator: Getting 1 (1692.0 B) non-empty blocks including 1 (1692.0 B) local and 0 (0.0 B) host-local and 0 (0.0 B) remote blocks
23/02/05 09:43:24 INFO ShuffleBlockFetcherIterator: Started 0 remote fetches in 0 ms
23/02/05 09:43:24 INFO ShuffleBlockFetcherIterator: Getting 1 (1271.0 B) non-empty blocks including 1 (1271.0 B) local and 0 (0.0 B) host-local and 0 (0.0 B) remote blocks
23/02/05 09:43:24 INFO ShuffleBlockFetcherIterator: Getting 1 (1271.0 B) non-empty blocks including 1 (1271.0 B) local and 0 (0.0 B) host-local and 0 (0.0 B) remote blocks
23/02/05 09:43:24 INFO ShuffleBlockFetcherIterator: Started 0 remote fetches in 0 ms
23/02/05 09:43:24 INFO ShuffleBlockFetcherIterator: Started 0 remote fetches in 0 ms
23/02/05 09:43:24 INFO ShuffleBlockFetcherIterator: Getting 1 (1538.0 B) non-empty blocks including 1 (1538.0 B) local and 0 (0.0 B) host-local and 0 (0.0 B) remote blocks
23/02/05 09:43:24 INFO ShuffleBlockFetcherIterator: Getting 1 (1399.0 B) non-empty blocks including 1 (1399.0 B) local and 0 (0.0 B) host-local and 0 (0.0 B) remote blocks
23/02/05 09:43:24 INFO ShuffleBlockFetcherIterator: Started 0 remote fetches in 0 ms
23/02/05 09:43:24 INFO ShuffleBlockFetcherIterator: Getting 1 (1538.0 B) non-empty blocks including 1 (1538.0 B) local and 0 (0.0 B) host-local and 0 (0.0 B) remote blocks
23/02/05 09:43:24 INFO ShuffleBlockFetcherIterator: Getting 1 (1538.0 B) non-empty blocks including 1 (1538.0 B) local and 0 (0.0 B) host-local and 0 (0.0 B) remote blocks
23/02/05 09:43:24 INFO ShuffleBlockFetcherIterator: Started 0 remote fetches in 0 ms
23/02/05 09:43:24 INFO ShuffleBlockFetcherIterator: Started 0 remote fetches in 0 ms
23/02/05 09:43:24 INFO ShuffleBlockFetcherIterator: Started 0 remote fetches in 0 ms
23/02/05 09:43:24 INFO ShuffleBlockFetcherIterator: Getting 1 (1271.0 B) non-empty blocks including 1 (1271.0 B) local and 0 (0.0 B) host-local and 0 (0.0 B) remote blocks
23/02/05 09:43:24 INFO ShuffleBlockFetcherIterator: Started 0 remote fetches in 0 ms
23/02/05 09:43:24 INFO ShuffleBlockFetcherIterator: Getting 1 (1399.0 B) non-empty blocks including 1 (1399.0 B) local and 0 (0.0 B) host-local and 0 (0.0 B) remote blocks
23/02/05 09:43:24 INFO ShuffleBlockFetcherIterator: Started 0 remote fetches in 0 ms
23/02/05 09:43:24 INFO Executor: Finished task 4.0 in stage 13.0 (TID 28). 5539 bytes result sent to driver
23/02/05 09:43:24 INFO Executor: Finished task 7.0 in stage 13.0 (TID 31). 5518 bytes result sent to driver
23/02/05 09:43:24 INFO Executor: Finished task 10.0 in stage 13.0 (TID 34). 5176 bytes result sent to driver
23/02/05 09:43:24 INFO Executor: Finished task 5.0 in stage 13.0 (TID 29). 5296 bytes result sent to driver
23/02/05 09:43:24 INFO Executor: Finished task 8.0 in stage 13.0 (TID 32). 5173 bytes result sent to driver
23/02/05 09:43:24 INFO TaskSetManager: Finished task 4.0 in stage 13.0 (TID 28) in 16 ms on localhost (executor driver) (1/12)
23/02/05 09:43:24 INFO TaskSetManager: Finished task 7.0 in stage 13.0 (TID 31) in 15 ms on localhost (executor driver) (2/12)
23/02/05 09:43:24 INFO TaskSetManager: Finished task 10.0 in stage 13.0 (TID 34) in 14 ms on localhost (executor driver) (3/12)
23/02/05 09:43:24 INFO ShuffleBlockFetcherIterator: Getting 1 (1271.0 B) non-empty blocks including 1 (1271.0 B) local and 0 (0.0 B) host-local and 0 (0.0 B) remote blocks
23/02/05 09:43:24 INFO TaskSetManager: Finished task 5.0 in stage 13.0 (TID 29) in 16 ms on localhost (executor driver) (4/12)
23/02/05 09:43:24 INFO Executor: Finished task 11.0 in stage 13.0 (TID 35). 5489 bytes result sent to driver
23/02/05 09:43:24 INFO Executor: Finished task 6.0 in stage 13.0 (TID 30). 5385 bytes result sent to driver
23/02/05 09:43:24 INFO TaskSetManager: Finished task 8.0 in stage 13.0 (TID 32) in 16 ms on localhost (executor driver) (5/12)
23/02/05 09:43:24 INFO Executor: Finished task 2.0 in stage 13.0 (TID 26). 5220 bytes result sent to driver
23/02/05 09:43:24 INFO ShuffleBlockFetcherIterator: Started 0 remote fetches in 7 ms
23/02/05 09:43:24 INFO TaskSetManager: Finished task 11.0 in stage 13.0 (TID 35) in 16 ms on localhost (executor driver) (6/12)
23/02/05 09:43:24 INFO TaskSetManager: Finished task 6.0 in stage 13.0 (TID 30) in 18 ms on localhost (executor driver) (7/12)
23/02/05 09:43:24 INFO ShuffleBlockFetcherIterator: Getting 1 (1271.0 B) non-empty blocks including 1 (1271.0 B) local and 0 (0.0 B) host-local and 0 (0.0 B) remote blocks
23/02/05 09:43:24 INFO TaskSetManager: Finished task 2.0 in stage 13.0 (TID 26) in 19 ms on localhost (executor driver) (8/12)
23/02/05 09:43:24 INFO ShuffleBlockFetcherIterator: Getting 1 (1051.0 B) non-empty blocks including 1 (1051.0 B) local and 0 (0.0 B) host-local and 0 (0.0 B) remote blocks
23/02/05 09:43:24 INFO ShuffleBlockFetcherIterator: Started 0 remote fetches in 0 ms
23/02/05 09:43:24 INFO ShuffleBlockFetcherIterator: Started 0 remote fetches in 0 ms
23/02/05 09:43:24 INFO Executor: Finished task 1.0 in stage 13.0 (TID 25). 5270 bytes result sent to driver
23/02/05 09:43:24 INFO TaskSetManager: Finished task 1.0 in stage 13.0 (TID 25) in 21 ms on localhost (executor driver) (9/12)
23/02/05 09:43:24 INFO Executor: Finished task 9.0 in stage 13.0 (TID 33). 5250 bytes result sent to driver
23/02/05 09:43:24 INFO TaskSetManager: Finished task 9.0 in stage 13.0 (TID 33) in 23 ms on localhost (executor driver) (10/12)
23/02/05 09:43:24 INFO Executor: Finished task 3.0 in stage 13.0 (TID 27). 5243 bytes result sent to driver
23/02/05 09:43:24 INFO Executor: Finished task 0.0 in stage 13.0 (TID 24). 4982 bytes result sent to driver
23/02/05 09:43:24 INFO TaskSetManager: Finished task 0.0 in stage 13.0 (TID 24) in 27 ms on localhost (executor driver) (11/12)
23/02/05 09:43:24 INFO TaskSetManager: Finished task 3.0 in stage 13.0 (TID 27) in 26 ms on localhost (executor driver) (12/12)
23/02/05 09:43:24 INFO TaskSchedulerImpl: Removed TaskSet 13.0, whose tasks have all completed, from pool 
23/02/05 09:43:24 INFO DAGScheduler: ResultStage 13 (collect at utils.scala:26) finished in 0,033 s
23/02/05 09:43:24 INFO DAGScheduler: Job 9 is finished. Cancelling potential speculative or zombie tasks for this job
23/02/05 09:43:24 INFO TaskSchedulerImpl: Killing all running tasks in stage 13: Stage finished
23/02/05 09:43:24 INFO DAGScheduler: Job 9 finished: collect at utils.scala:26, took 1,016989 s
23/02/05 09:43:24 INFO SparkContext: Invoking stop() from shutdown hook
23/02/05 09:43:24 INFO SparkUI: Stopped Spark web UI at http://localhost:4040
23/02/05 09:43:24 INFO MapOutputTrackerMasterEndpoint: MapOutputTrackerMasterEndpoint stopped!
23/02/05 09:43:24 INFO MemoryStore: MemoryStore cleared
23/02/05 09:43:24 INFO BlockManager: BlockManager stopped
23/02/05 09:43:24 INFO BlockManagerMaster: BlockManagerMaster stopped
23/02/05 09:43:24 INFO OutputCommitCoordinator$OutputCommitCoordinatorEndpoint: OutputCommitCoordinator stopped!
23/02/05 09:43:24 INFO SparkContext: Successfully stopped SparkContext
23/02/05 09:43:24 INFO ShutdownHookManager: Shutdown hook called
23/02/05 09:43:24 INFO ShutdownHookManager: Deleting directory /tmp/spark-10575409-da67-4fff-97aa-45155dc7c893
23/02/05 09:43:24 INFO ShutdownHookManager: Deleting directory /tmp/spark-9c63cc05-bc18-46fa-a3c1-171ae4a4f58e
